<?xml version="1.0" encoding="UTF-8"?>
<testsuite xmlns:xsi="http://www.w3.org/2001/XMLSchema-instance" xsi:noNamespaceSchemaLocation="https://maven.apache.org/surefire/maven-surefire-plugin/xsd/surefire-test-report.xsd" name="Forest.AppTest" time="0.029" tests="1" errors="0" skipped="0" failures="0">
  <properties>
    <property name="awt.toolkit" value="sun.lwawt.macosx.LWCToolkit"/>
    <property name="java.specification.version" value="12"/>
    <property name="sun.jnu.encoding" value="UTF-8"/>
    <property name="java.class.path" value="/Users/qinghanghong/Desktop/cs/cs48/rubber/target/test-classes:/Users/qinghanghong/Desktop/cs/cs48/rubber/target/classes:/Users/qinghanghong/.m2/repository/junit/junit/4.11/junit-4.11.jar:/Users/qinghanghong/.m2/repository/org/hamcrest/hamcrest-core/1.3/hamcrest-core-1.3.jar:/Users/qinghanghong/.m2/repository/org/eclipse/jetty/jetty-server/9.4.18.v20190429/jetty-server-9.4.18.v20190429.jar:/Users/qinghanghong/.m2/repository/org/eclipse/jetty/jetty-http/9.4.18.v20190429/jetty-http-9.4.18.v20190429.jar:/Users/qinghanghong/.m2/repository/org/eclipse/jetty/jetty-io/9.4.18.v20190429/jetty-io-9.4.18.v20190429.jar:/Users/qinghanghong/.m2/repository/mysql/mysql-connector-java/8.0.16/mysql-connector-java-8.0.16.jar:/Users/qinghanghong/.m2/repository/com/google/protobuf/protobuf-java/3.6.1/protobuf-java-3.6.1.jar:/Users/qinghanghong/.m2/repository/com/googlecode/json-simple/json-simple/1.1.1/json-simple-1.1.1.jar:/Users/qinghanghong/.m2/repository/com/google/code/gson/gson/2.8.5/gson-2.8.5.jar:/Users/qinghanghong/.m2/repository/org/eclipse/jetty/jetty-client/9.4.18.v20190429/jetty-client-9.4.18.v20190429.jar:/Users/qinghanghong/.m2/repository/org/eclipse/jetty/jetty-deploy/9.4.18.v20190429/jetty-deploy-9.4.18.v20190429.jar:/Users/qinghanghong/.m2/repository/org/eclipse/jetty/jetty-webapp/9.4.18.v20190429/jetty-webapp-9.4.18.v20190429.jar:/Users/qinghanghong/.m2/repository/org/eclipse/jetty/jetty-servlet/9.4.18.v20190429/jetty-servlet-9.4.18.v20190429.jar:/Users/qinghanghong/.m2/repository/org/eclipse/jetty/jetty-xml/9.4.18.v20190429/jetty-xml-9.4.18.v20190429.jar:/Users/qinghanghong/.m2/repository/org/eclipse/jetty/jetty-jmx/9.4.18.v20190429/jetty-jmx-9.4.18.v20190429.jar:/Users/qinghanghong/.m2/repository/org/eclipse/jetty/jetty-plus/9.4.18.v20190429/jetty-plus-9.4.18.v20190429.jar:/Users/qinghanghong/.m2/repository/org/eclipse/jetty/jetty-annotations/9.4.18.v20190429/jetty-annotations-9.4.18.v20190429.jar:/Users/qinghanghong/.m2/repository/javax/annotation/javax.annotation-api/1.3/javax.annotation-api-1.3.jar:/Users/qinghanghong/.m2/repository/org/ow2/asm/asm/7.0/asm-7.0.jar:/Users/qinghanghong/.m2/repository/org/ow2/asm/asm-commons/7.0/asm-commons-7.0.jar:/Users/qinghanghong/.m2/repository/org/ow2/asm/asm-tree/7.0/asm-tree-7.0.jar:/Users/qinghanghong/.m2/repository/org/ow2/asm/asm-analysis/7.0/asm-analysis-7.0.jar:/Users/qinghanghong/.m2/repository/org/eclipse/jetty/jetty-util/9.4.18.v20190429/jetty-util-9.4.18.v20190429.jar:/Users/qinghanghong/.m2/repository/org/eclipse/jetty/jetty-jaspi/9.4.18.v20190429/jetty-jaspi-9.4.18.v20190429.jar:/Users/qinghanghong/.m2/repository/org/eclipse/jetty/jetty-security/9.4.18.v20190429/jetty-security-9.4.18.v20190429.jar:/Users/qinghanghong/.m2/repository/org/eclipse/jetty/orbit/javax.security.auth.message/1.0.0.v201108011116/javax.security.auth.message-1.0.0.v201108011116.jar:/Users/qinghanghong/.m2/repository/org/eclipse/jetty/jetty-jndi/9.4.18.v20190429/jetty-jndi-9.4.18.v20190429.jar:/Users/qinghanghong/.m2/repository/org/eclipse/jetty/jetty-rewrite/9.4.18.v20190429/jetty-rewrite-9.4.18.v20190429.jar:/Users/qinghanghong/.m2/repository/org/eclipse/jetty/jetty-servlets/9.4.18.v20190429/jetty-servlets-9.4.18.v20190429.jar:/Users/qinghanghong/.m2/repository/org/eclipse/jetty/jetty-continuation/9.4.18.v20190429/jetty-continuation-9.4.18.v20190429.jar:/Users/qinghanghong/.m2/repository/org/eclipse/jetty/jetty-quickstart/9.4.18.v20190429/jetty-quickstart-9.4.18.v20190429.jar:/Users/qinghanghong/.m2/repository/javax/transaction/javax.transaction-api/1.3/javax.transaction-api-1.3.jar:/Users/qinghanghong/.m2/repository/org/eclipse/jetty/websocket/websocket-servlet/9.4.18.v20190429/websocket-servlet-9.4.18.v20190429.jar:/Users/qinghanghong/.m2/repository/org/eclipse/jetty/websocket/websocket-api/9.4.18.v20190429/websocket-api-9.4.18.v20190429.jar:/Users/qinghanghong/.m2/repository/org/eclipse/jetty/websocket/javax-websocket-server-impl/9.4.18.v20190429/javax-websocket-server-impl-9.4.18.v20190429.jar:/Users/qinghanghong/.m2/repository/org/eclipse/jetty/websocket/javax-websocket-client-impl/9.4.18.v20190429/javax-websocket-client-impl-9.4.18.v20190429.jar:/Users/qinghanghong/.m2/repository/javax/websocket/javax.websocket-client-api/1.0/javax.websocket-client-api-1.0.jar:/Users/qinghanghong/.m2/repository/org/eclipse/jetty/websocket/websocket-server/9.4.18.v20190429/websocket-server-9.4.18.v20190429.jar:/Users/qinghanghong/.m2/repository/org/eclipse/jetty/websocket/websocket-client/9.4.18.v20190429/websocket-client-9.4.18.v20190429.jar:/Users/qinghanghong/.m2/repository/org/eclipse/jetty/websocket/websocket-common/9.4.18.v20190429/websocket-common-9.4.18.v20190429.jar:/Users/qinghanghong/.m2/repository/org/eclipse/jetty/jetty-alpn-client/9.4.18.v20190429/jetty-alpn-client-9.4.18.v20190429.jar:/Users/qinghanghong/.m2/repository/org/eclipse/jetty/http2/http2-server/9.4.18.v20190429/http2-server-9.4.18.v20190429.jar:/Users/qinghanghong/.m2/repository/org/eclipse/jetty/http2/http2-common/9.4.18.v20190429/http2-common-9.4.18.v20190429.jar:/Users/qinghanghong/.m2/repository/org/eclipse/jetty/http2/http2-hpack/9.4.18.v20190429/http2-hpack-9.4.18.v20190429.jar:/Users/qinghanghong/.m2/repository/org/eclipse/jetty/http2/http2-client/9.4.18.v20190429/http2-client-9.4.18.v20190429.jar:/Users/qinghanghong/.m2/repository/javax/websocket/javax.websocket-api/1.0/javax.websocket-api-1.0.jar:/Users/qinghanghong/.m2/repository/org/eclipse/jetty/orbit/javax.mail.glassfish/1.4.1.v201005082020/javax.mail.glassfish-1.4.1.v201005082020.jar:/Users/qinghanghong/.m2/repository/org/eclipse/jetty/orbit/javax.activation/1.1.0.v201105071233/javax.activation-1.1.0.v201105071233.jar:/Users/qinghanghong/.m2/repository/org/slf4j/slf4j-api/1.7.25/slf4j-api-1.7.25.jar:/Users/qinghanghong/.m2/repository/javax/activation/activation/1.1/activation-1.1.jar:/Users/qinghanghong/.m2/repository/javax/servlet/javax.servlet-api/3.1.0/javax.servlet-api-3.1.0.jar:/Users/qinghanghong/.m2/repository/com/github/jsimone/webapp-runner/9.0.19.1/webapp-runner-9.0.19.1.jar:/Users/qinghanghong/.m2/repository/org/apache/tomcat/embed/tomcat-embed-core/9.0.19/tomcat-embed-core-9.0.19.jar:/Users/qinghanghong/.m2/repository/org/apache/tomcat/tomcat-annotations-api/9.0.19/tomcat-annotations-api-9.0.19.jar:/Users/qinghanghong/.m2/repository/org/apache/tomcat/embed/tomcat-embed-logging-juli/9.0.0.M6/tomcat-embed-logging-juli-9.0.0.M6.jar:/Users/qinghanghong/.m2/repository/org/apache/tomcat/embed/tomcat-embed-jasper/9.0.19/tomcat-embed-jasper-9.0.19.jar:/Users/qinghanghong/.m2/repository/org/apache/tomcat/embed/tomcat-embed-el/9.0.19/tomcat-embed-el-9.0.19.jar:/Users/qinghanghong/.m2/repository/org/eclipse/jdt/ecj/3.16.0/ecj-3.16.0.jar:/Users/qinghanghong/.m2/repository/org/apache/tomcat/tomcat-jasper/9.0.19/tomcat-jasper-9.0.19.jar:/Users/qinghanghong/.m2/repository/org/apache/tomcat/tomcat-servlet-api/9.0.19/tomcat-servlet-api-9.0.19.jar:/Users/qinghanghong/.m2/repository/org/apache/tomcat/tomcat-juli/9.0.19/tomcat-juli-9.0.19.jar:/Users/qinghanghong/.m2/repository/org/apache/tomcat/tomcat-el-api/9.0.19/tomcat-el-api-9.0.19.jar:/Users/qinghanghong/.m2/repository/org/apache/tomcat/tomcat-api/9.0.19/tomcat-api-9.0.19.jar:/Users/qinghanghong/.m2/repository/org/apache/tomcat/tomcat-util-scan/9.0.19/tomcat-util-scan-9.0.19.jar:/Users/qinghanghong/.m2/repository/org/apache/tomcat/tomcat-util/9.0.19/tomcat-util-9.0.19.jar:/Users/qinghanghong/.m2/repository/org/apache/tomcat/tomcat-jasper-el/9.0.19/tomcat-jasper-el-9.0.19.jar:/Users/qinghanghong/.m2/repository/org/apache/tomcat/tomcat-jsp-api/9.0.19/tomcat-jsp-api-9.0.19.jar:/Users/qinghanghong/.m2/repository/org/apache/tomcat/embed/tomcat-embed-websocket/9.0.19/tomcat-embed-websocket-9.0.19.jar:/Users/qinghanghong/.m2/repository/com/beust/jcommander/1.72/jcommander-1.72.jar:/Users/qinghanghong/.m2/repository/commons-io/commons-io/2.6/commons-io-2.6.jar:/Users/qinghanghong/.m2/repository/javax/mail/mail/1.4/mail-1.4.jar:"/>
    <property name="java.vm.vendor" value="Oracle Corporation"/>
    <property name="sun.arch.data.model" value="64"/>
    <property name="java.vendor.url" value="https://java.oracle.com/"/>
    <property name="os.name" value="Mac OS X"/>
    <property name="java.vm.specification.version" value="12"/>
    <property name="sun.java.launcher" value="SUN_STANDARD"/>
    <property name="user.country" value="CN"/>
    <property name="sun.boot.library.path" value="/Library/Java/JavaVirtualMachines/jdk-12.0.1.jdk/Contents/Home/lib"/>
    <property name="sun.java.command" value="/Users/qinghanghong/Desktop/cs/cs48/rubber/target/surefire/surefirebooter14274697788972681098.jar /Users/qinghanghong/Desktop/cs/cs48/rubber/target/surefire 2019-05-21T23-10-02_444-jvmRun1 surefire8738328412202741575tmp surefire_08111607769767030217tmp"/>
    <property name="http.nonProxyHosts" value="local|*.local|169.254/16|*.169.254/16"/>
    <property name="jdk.debug" value="release"/>
    <property name="surefire.test.class.path" value="/Users/qinghanghong/Desktop/cs/cs48/rubber/target/test-classes:/Users/qinghanghong/Desktop/cs/cs48/rubber/target/classes:/Users/qinghanghong/.m2/repository/junit/junit/4.11/junit-4.11.jar:/Users/qinghanghong/.m2/repository/org/hamcrest/hamcrest-core/1.3/hamcrest-core-1.3.jar:/Users/qinghanghong/.m2/repository/org/eclipse/jetty/jetty-server/9.4.18.v20190429/jetty-server-9.4.18.v20190429.jar:/Users/qinghanghong/.m2/repository/org/eclipse/jetty/jetty-http/9.4.18.v20190429/jetty-http-9.4.18.v20190429.jar:/Users/qinghanghong/.m2/repository/org/eclipse/jetty/jetty-io/9.4.18.v20190429/jetty-io-9.4.18.v20190429.jar:/Users/qinghanghong/.m2/repository/mysql/mysql-connector-java/8.0.16/mysql-connector-java-8.0.16.jar:/Users/qinghanghong/.m2/repository/com/google/protobuf/protobuf-java/3.6.1/protobuf-java-3.6.1.jar:/Users/qinghanghong/.m2/repository/com/googlecode/json-simple/json-simple/1.1.1/json-simple-1.1.1.jar:/Users/qinghanghong/.m2/repository/com/google/code/gson/gson/2.8.5/gson-2.8.5.jar:/Users/qinghanghong/.m2/repository/org/eclipse/jetty/jetty-client/9.4.18.v20190429/jetty-client-9.4.18.v20190429.jar:/Users/qinghanghong/.m2/repository/org/eclipse/jetty/jetty-deploy/9.4.18.v20190429/jetty-deploy-9.4.18.v20190429.jar:/Users/qinghanghong/.m2/repository/org/eclipse/jetty/jetty-webapp/9.4.18.v20190429/jetty-webapp-9.4.18.v20190429.jar:/Users/qinghanghong/.m2/repository/org/eclipse/jetty/jetty-servlet/9.4.18.v20190429/jetty-servlet-9.4.18.v20190429.jar:/Users/qinghanghong/.m2/repository/org/eclipse/jetty/jetty-xml/9.4.18.v20190429/jetty-xml-9.4.18.v20190429.jar:/Users/qinghanghong/.m2/repository/org/eclipse/jetty/jetty-jmx/9.4.18.v20190429/jetty-jmx-9.4.18.v20190429.jar:/Users/qinghanghong/.m2/repository/org/eclipse/jetty/jetty-plus/9.4.18.v20190429/jetty-plus-9.4.18.v20190429.jar:/Users/qinghanghong/.m2/repository/org/eclipse/jetty/jetty-annotations/9.4.18.v20190429/jetty-annotations-9.4.18.v20190429.jar:/Users/qinghanghong/.m2/repository/javax/annotation/javax.annotation-api/1.3/javax.annotation-api-1.3.jar:/Users/qinghanghong/.m2/repository/org/ow2/asm/asm/7.0/asm-7.0.jar:/Users/qinghanghong/.m2/repository/org/ow2/asm/asm-commons/7.0/asm-commons-7.0.jar:/Users/qinghanghong/.m2/repository/org/ow2/asm/asm-tree/7.0/asm-tree-7.0.jar:/Users/qinghanghong/.m2/repository/org/ow2/asm/asm-analysis/7.0/asm-analysis-7.0.jar:/Users/qinghanghong/.m2/repository/org/eclipse/jetty/jetty-util/9.4.18.v20190429/jetty-util-9.4.18.v20190429.jar:/Users/qinghanghong/.m2/repository/org/eclipse/jetty/jetty-jaspi/9.4.18.v20190429/jetty-jaspi-9.4.18.v20190429.jar:/Users/qinghanghong/.m2/repository/org/eclipse/jetty/jetty-security/9.4.18.v20190429/jetty-security-9.4.18.v20190429.jar:/Users/qinghanghong/.m2/repository/org/eclipse/jetty/orbit/javax.security.auth.message/1.0.0.v201108011116/javax.security.auth.message-1.0.0.v201108011116.jar:/Users/qinghanghong/.m2/repository/org/eclipse/jetty/jetty-jndi/9.4.18.v20190429/jetty-jndi-9.4.18.v20190429.jar:/Users/qinghanghong/.m2/repository/org/eclipse/jetty/jetty-rewrite/9.4.18.v20190429/jetty-rewrite-9.4.18.v20190429.jar:/Users/qinghanghong/.m2/repository/org/eclipse/jetty/jetty-servlets/9.4.18.v20190429/jetty-servlets-9.4.18.v20190429.jar:/Users/qinghanghong/.m2/repository/org/eclipse/jetty/jetty-continuation/9.4.18.v20190429/jetty-continuation-9.4.18.v20190429.jar:/Users/qinghanghong/.m2/repository/org/eclipse/jetty/jetty-quickstart/9.4.18.v20190429/jetty-quickstart-9.4.18.v20190429.jar:/Users/qinghanghong/.m2/repository/javax/transaction/javax.transaction-api/1.3/javax.transaction-api-1.3.jar:/Users/qinghanghong/.m2/repository/org/eclipse/jetty/websocket/websocket-servlet/9.4.18.v20190429/websocket-servlet-9.4.18.v20190429.jar:/Users/qinghanghong/.m2/repository/org/eclipse/jetty/websocket/websocket-api/9.4.18.v20190429/websocket-api-9.4.18.v20190429.jar:/Users/qinghanghong/.m2/repository/org/eclipse/jetty/websocket/javax-websocket-server-impl/9.4.18.v20190429/javax-websocket-server-impl-9.4.18.v20190429.jar:/Users/qinghanghong/.m2/repository/org/eclipse/jetty/websocket/javax-websocket-client-impl/9.4.18.v20190429/javax-websocket-client-impl-9.4.18.v20190429.jar:/Users/qinghanghong/.m2/repository/javax/websocket/javax.websocket-client-api/1.0/javax.websocket-client-api-1.0.jar:/Users/qinghanghong/.m2/repository/org/eclipse/jetty/websocket/websocket-server/9.4.18.v20190429/websocket-server-9.4.18.v20190429.jar:/Users/qinghanghong/.m2/repository/org/eclipse/jetty/websocket/websocket-client/9.4.18.v20190429/websocket-client-9.4.18.v20190429.jar:/Users/qinghanghong/.m2/repository/org/eclipse/jetty/websocket/websocket-common/9.4.18.v20190429/websocket-common-9.4.18.v20190429.jar:/Users/qinghanghong/.m2/repository/org/eclipse/jetty/jetty-alpn-client/9.4.18.v20190429/jetty-alpn-client-9.4.18.v20190429.jar:/Users/qinghanghong/.m2/repository/org/eclipse/jetty/http2/http2-server/9.4.18.v20190429/http2-server-9.4.18.v20190429.jar:/Users/qinghanghong/.m2/repository/org/eclipse/jetty/http2/http2-common/9.4.18.v20190429/http2-common-9.4.18.v20190429.jar:/Users/qinghanghong/.m2/repository/org/eclipse/jetty/http2/http2-hpack/9.4.18.v20190429/http2-hpack-9.4.18.v20190429.jar:/Users/qinghanghong/.m2/repository/org/eclipse/jetty/http2/http2-client/9.4.18.v20190429/http2-client-9.4.18.v20190429.jar:/Users/qinghanghong/.m2/repository/javax/websocket/javax.websocket-api/1.0/javax.websocket-api-1.0.jar:/Users/qinghanghong/.m2/repository/org/eclipse/jetty/orbit/javax.mail.glassfish/1.4.1.v201005082020/javax.mail.glassfish-1.4.1.v201005082020.jar:/Users/qinghanghong/.m2/repository/org/eclipse/jetty/orbit/javax.activation/1.1.0.v201105071233/javax.activation-1.1.0.v201105071233.jar:/Users/qinghanghong/.m2/repository/org/slf4j/slf4j-api/1.7.25/slf4j-api-1.7.25.jar:/Users/qinghanghong/.m2/repository/javax/activation/activation/1.1/activation-1.1.jar:/Users/qinghanghong/.m2/repository/javax/servlet/javax.servlet-api/3.1.0/javax.servlet-api-3.1.0.jar:/Users/qinghanghong/.m2/repository/com/github/jsimone/webapp-runner/9.0.19.1/webapp-runner-9.0.19.1.jar:/Users/qinghanghong/.m2/repository/org/apache/tomcat/embed/tomcat-embed-core/9.0.19/tomcat-embed-core-9.0.19.jar:/Users/qinghanghong/.m2/repository/org/apache/tomcat/tomcat-annotations-api/9.0.19/tomcat-annotations-api-9.0.19.jar:/Users/qinghanghong/.m2/repository/org/apache/tomcat/embed/tomcat-embed-logging-juli/9.0.0.M6/tomcat-embed-logging-juli-9.0.0.M6.jar:/Users/qinghanghong/.m2/repository/org/apache/tomcat/embed/tomcat-embed-jasper/9.0.19/tomcat-embed-jasper-9.0.19.jar:/Users/qinghanghong/.m2/repository/org/apache/tomcat/embed/tomcat-embed-el/9.0.19/tomcat-embed-el-9.0.19.jar:/Users/qinghanghong/.m2/repository/org/eclipse/jdt/ecj/3.16.0/ecj-3.16.0.jar:/Users/qinghanghong/.m2/repository/org/apache/tomcat/tomcat-jasper/9.0.19/tomcat-jasper-9.0.19.jar:/Users/qinghanghong/.m2/repository/org/apache/tomcat/tomcat-servlet-api/9.0.19/tomcat-servlet-api-9.0.19.jar:/Users/qinghanghong/.m2/repository/org/apache/tomcat/tomcat-juli/9.0.19/tomcat-juli-9.0.19.jar:/Users/qinghanghong/.m2/repository/org/apache/tomcat/tomcat-el-api/9.0.19/tomcat-el-api-9.0.19.jar:/Users/qinghanghong/.m2/repository/org/apache/tomcat/tomcat-api/9.0.19/tomcat-api-9.0.19.jar:/Users/qinghanghong/.m2/repository/org/apache/tomcat/tomcat-util-scan/9.0.19/tomcat-util-scan-9.0.19.jar:/Users/qinghanghong/.m2/repository/org/apache/tomcat/tomcat-util/9.0.19/tomcat-util-9.0.19.jar:/Users/qinghanghong/.m2/repository/org/apache/tomcat/tomcat-jasper-el/9.0.19/tomcat-jasper-el-9.0.19.jar:/Users/qinghanghong/.m2/repository/org/apache/tomcat/tomcat-jsp-api/9.0.19/tomcat-jsp-api-9.0.19.jar:/Users/qinghanghong/.m2/repository/org/apache/tomcat/embed/tomcat-embed-websocket/9.0.19/tomcat-embed-websocket-9.0.19.jar:/Users/qinghanghong/.m2/repository/com/beust/jcommander/1.72/jcommander-1.72.jar:/Users/qinghanghong/.m2/repository/commons-io/commons-io/2.6/commons-io-2.6.jar:/Users/qinghanghong/.m2/repository/javax/mail/mail/1.4/mail-1.4.jar:"/>
    <property name="sun.cpu.endian" value="little"/>
    <property name="user.home" value="/Users/qinghanghong"/>
    <property name="user.language" value="en"/>
    <property name="java.specification.vendor" value="Oracle Corporation"/>
    <property name="java.version.date" value="2019-04-16"/>
    <property name="java.home" value="/Library/Java/JavaVirtualMachines/jdk-12.0.1.jdk/Contents/Home"/>
    <property name="file.separator" value="/"/>
    <property name="basedir" value="/Users/qinghanghong/Desktop/cs/cs48/rubber"/>
    <property name="java.vm.compressedOopsMode" value="Zero based"/>
    <property name="line.separator" value="&#10;"/>
    <property name="java.specification.name" value="Java Platform API Specification"/>
    <property name="java.vm.specification.vendor" value="Oracle Corporation"/>
    <property name="java.awt.graphicsenv" value="sun.awt.CGraphicsEnvironment"/>
    <property name="surefire.real.class.path" value="/Users/qinghanghong/Desktop/cs/cs48/rubber/target/surefire/surefirebooter14274697788972681098.jar"/>
    <property name="sun.management.compiler" value="HotSpot 64-Bit Tiered Compilers"/>
    <property name="ftp.nonProxyHosts" value="local|*.local|169.254/16|*.169.254/16"/>
    <property name="java.runtime.version" value="12.0.1+12"/>
    <property name="user.name" value="qinghanghong"/>
    <property name="path.separator" value=":"/>
    <property name="os.version" value="10.14.5"/>
    <property name="java.runtime.name" value="Java(TM) SE Runtime Environment"/>
    <property name="file.encoding" value="UTF-8"/>
    <property name="java.vm.name" value="Java HotSpot(TM) 64-Bit Server VM"/>
    <property name="localRepository" value="/Users/qinghanghong/.m2/repository"/>
    <property name="java.vendor.url.bug" value="https://bugreport.java.com/bugreport/"/>
    <property name="java.io.tmpdir" value="/var/folders/t5/w3481bsd2g11j1np9szj1_jh0000gn/T/"/>
    <property name="java.version" value="12.0.1"/>
    <property name="user.dir" value="/Users/qinghanghong/Desktop/cs/cs48/rubber"/>
    <property name="os.arch" value="x86_64"/>
    <property name="java.vm.specification.name" value="Java Virtual Machine Specification"/>
    <property name="java.library.path" value="/Users/qinghanghong/Library/Java/Extensions:/Library/Java/Extensions:/Network/Library/Java/Extensions:/System/Library/Java/Extensions:/usr/lib/java:."/>
    <property name="java.vm.info" value="mixed mode, sharing"/>
    <property name="java.vendor" value="Oracle Corporation"/>
    <property name="java.vm.version" value="12.0.1+12"/>
    <property name="sun.io.unicode.encoding" value="UnicodeBig"/>
    <property name="socksNonProxyHosts" value="local|*.local|169.254/16|*.169.254/16"/>
    <property name="java.class.version" value="56.0"/>
  </properties>
  <testcase name="shouldAnswerWithTrue" classname="Forest.AppTest" time="0.001"/>
</testsuite>